\BOOKMARK [0][-]{chapter.1}{Introduction}{}% 1
\BOOKMARK [1][-]{section.1.1}{Robotic grasping}{chapter.1}% 2
\BOOKMARK [1][-]{section.1.2}{Need of grasping planning tools}{chapter.1}% 3
\BOOKMARK [1][-]{section.1.3}{Simox}{chapter.1}% 4
\BOOKMARK [2][-]{subsection.1.3.1}{Indroduction - What is Simox}{section.1.3}% 5
\BOOKMARK [2][-]{subsection.1.3.2}{Components of Simox}{section.1.3}% 6
\BOOKMARK [0][-]{chapter.2}{Installation}{}% 7
\BOOKMARK [1][-]{section.2.1}{Get Simox from a PPA}{chapter.2}% 8
\BOOKMARK [1][-]{section.2.2}{Get Simox from gitlab repository}{chapter.2}% 9
\BOOKMARK [1][-]{section.2.3}{Install dependencies}{chapter.2}% 10
\BOOKMARK [2][-]{subsection.2.3.1}{Visualization / 3D Model support}{section.2.3}% 11
\BOOKMARK [1][-]{section.2.4}{Linux}{chapter.2}% 12
\BOOKMARK [1][-]{section.2.5}{Windows}{chapter.2}% 13
\BOOKMARK [2][-]{subsection.2.5.1}{IDE / Compiler}{section.2.5}% 14
\BOOKMARK [2][-]{subsection.2.5.2}{Download and install dependencies}{section.2.5}% 15
\BOOKMARK [2][-]{subsection.2.5.3}{Windows Environment Variables}{section.2.5}% 16
\BOOKMARK [1][-]{section.2.6}{Compile Simox}{chapter.2}% 17
\BOOKMARK [1][-]{section.2.7}{Setup your own project}{chapter.2}% 18
\BOOKMARK [0][-]{chapter.3}{Inside the VirtualRobot library}{}% 19
\BOOKMARK [1][-]{section.3.1}{Build a robot/environment model}{chapter.3}% 20
\BOOKMARK [2][-]{subsection.3.1.1}{Minimal Example}{section.3.1}% 21
\BOOKMARK [2][-]{subsection.3.1.2}{Visualizations}{section.3.1}% 22
\BOOKMARK [2][-]{subsection.3.1.3}{Joints}{section.3.1}% 23
\BOOKMARK [2][-]{subsection.3.1.4}{Kinematic Chains}{section.3.1}% 24
\BOOKMARK [2][-]{subsection.3.1.5}{Denavit-Hartenberg Parameters}{section.3.1}% 25
\BOOKMARK [2][-]{subsection.3.1.6}{Coordinate Systems}{section.3.1}% 26
\BOOKMARK [2][-]{subsection.3.1.7}{Collision Models}{section.3.1}% 27
\BOOKMARK [2][-]{subsection.3.1.8}{Multiple Files}{section.3.1}% 28
\BOOKMARK [2][-]{subsection.3.1.9}{Robot Node Sets}{section.3.1}% 29
\BOOKMARK [2][-]{subsection.3.1.10}{End Effector Definitions}{section.3.1}% 30
\BOOKMARK [2][-]{subsection.3.1.11}{Objects and Scenes}{section.3.1}% 31
\BOOKMARK [1][-]{section.3.2}{Virtual Robot: The robot library}{chapter.3}% 32
\BOOKMARK [2][-]{subsection.3.2.1}{Preliminaries}{section.3.2}% 33
\BOOKMARK [2][-]{subsection.3.2.2}{Accessing a Robot}{section.3.2}% 34
\BOOKMARK [2][-]{subsection.3.2.3}{Obstacles and Grasps}{section.3.2}% 35
\BOOKMARK [2][-]{subsection.3.2.4}{Visualization}{section.3.2}% 36
\BOOKMARK [2][-]{subsection.3.2.5}{Collision Detection}{section.3.2}% 37
\BOOKMARK [2][-]{subsection.3.2.6}{Workspace Analysis: Reachability and Manipulability}{section.3.2}% 38
\BOOKMARK [2][-]{subsection.3.2.7}{Jacobians and IK solving}{section.3.2}% 39
\BOOKMARK [2][-]{subsection.3.2.8}{Hierarchical IK solving}{section.3.2}% 40
\BOOKMARK [2][-]{subsection.3.2.9}{Stability computations}{section.3.2}% 41
\BOOKMARK [1][-]{section.3.3}{File formats}{chapter.3}% 42
\BOOKMARK [2][-]{subsection.3.3.1}{XSD Schema defintion}{section.3.3}% 43
\BOOKMARK [2][-]{subsection.3.3.2}{Robot Definitions}{section.3.3}% 44
\BOOKMARK [2][-]{subsection.3.3.3}{Obstacles and Manipulation Objects}{section.3.3}% 45
\BOOKMARK [2][-]{subsection.3.3.4}{Scenes}{section.3.3}% 46
\BOOKMARK [0][-]{chapter.4}{Inside the Saba Library}{}% 47
\BOOKMARK [1][-]{section.4.1}{BiRrt Planner}{chapter.4}% 48
\BOOKMARK [2][-]{subsection.4.1.1}{Collision Detection}{section.4.1}% 49
\BOOKMARK [2][-]{subsection.4.1.2}{Configuration Space}{section.4.1}% 50
\BOOKMARK [2][-]{subsection.4.1.3}{Planner}{section.4.1}% 51
\BOOKMARK [2][-]{subsection.4.1.4}{Visualization}{section.4.1}% 52
\BOOKMARK [1][-]{section.4.2}{IK-RRT}{chapter.4}% 53
\BOOKMARK [2][-]{subsection.4.2.1}{Planning Scene}{section.4.2}% 54
\BOOKMARK [2][-]{subsection.4.2.2}{Collision Detection}{section.4.2}% 55
\BOOKMARK [2][-]{subsection.4.2.3}{Configuration Space}{section.4.2}% 56
\BOOKMARK [2][-]{subsection.4.2.4}{IK-Solver}{section.4.2}% 57
\BOOKMARK [2][-]{subsection.4.2.5}{Planner}{section.4.2}% 58
\BOOKMARK [2][-]{subsection.4.2.6}{Post Processing}{section.4.2}% 59
\BOOKMARK [1][-]{section.4.3}{GraspRrt Planner}{chapter.4}% 60
\BOOKMARK [0][-]{chapter.5}{Inside the Grasp Studio}{}% 61
\BOOKMARK [1][-]{section.5.1}{The Generic Grasp Planner}{chapter.5}% 62
\BOOKMARK [1][-]{section.5.2}{Setup the Grasp Planner}{chapter.5}% 63
\BOOKMARK [1][-]{section.5.3}{Plan a Grasp}{chapter.5}% 64
\BOOKMARK [1][-]{section.5.4}{Store a Set of Grasps}{chapter.5}% 65
\BOOKMARK [0][-]{chapter.6}{Examples}{}% 66
